2025-09-16 09:12:06.5013 Error DatabaseTarget(Name=pg): Error when writing to database. Exception: Npgsql.NpgsqlException (0x80004005): Failed to connect to 127.0.0.1:5432
 ---> System.Net.Sockets.SocketException (10061): No connection could be made because the target machine actively refused it.
   at Npgsql.Internal.NpgsqlConnector.Connect(NpgsqlTimeout timeout)
   at Npgsql.Internal.NpgsqlConnector.Connect(NpgsqlTimeout timeout)
   at Npgsql.Internal.NpgsqlConnector.RawOpen(SslMode sslMode, NpgsqlTimeout timeout, Boolean async, CancellationToken cancellationToken)
   at Npgsql.Internal.NpgsqlConnector.<Open>g__OpenCore|214_1(NpgsqlConnector conn, SslMode sslMode, NpgsqlTimeout timeout, Boolean async, CancellationToken cancellationToken)
   at Npgsql.Internal.NpgsqlConnector.Open(NpgsqlTimeout timeout, Boolean async, CancellationToken cancellationToken)
   at Npgsql.PoolingDataSource.OpenNewConnector(NpgsqlConnection conn, NpgsqlTimeout timeout, Boolean async, CancellationToken cancellationToken)
   at Npgsql.PoolingDataSource.<Get>g__RentAsync|33_0(NpgsqlConnection conn, NpgsqlTimeout timeout, Boolean async, CancellationToken cancellationToken)
   at Npgsql.NpgsqlConnection.<Open>g__OpenAsync|42_0(Boolean async, CancellationToken cancellationToken)
   at Npgsql.NpgsqlConnection.Open()
   at NLog.Targets.DatabaseTarget.OpenConnection(String connectionString, LogEventInfo logEventInfo)
   at NLog.Targets.DatabaseTarget.EnsureConnectionOpen(String connectionString, LogEventInfo logEventInfo)
   at NLog.Targets.DatabaseTarget.WriteLogEventSuppressTransactionScope(LogEventInfo logEvent, String connectionString)
2025-09-16 15:08:22.7943 Error Error has been raised. Exception: NLog.NLogConfigurationException: Failed to create LayoutRenderer with unknown type-alias: 'logDir' - Verify type-alias and check extension is included.
   at NLog.Config.FactoryExtensions.CreateInstance[TBaseType](IFactory`1 factory, String typeAlias)
   at NLog.Layouts.LayoutParser.GetLayoutRenderer(String typeName, ConfigurationItemFactory configurationItemFactory, Nullable`1 throwConfigExceptions)
2025-09-16 15:08:22.8674 Error Error has been raised. Exception: NLog.NLogConfigurationException: 'FileTarget' cannot assign property 'FileName'='${logDir}/http.log'. Error: Failed to create LayoutRenderer with unknown type-alias: 'logDir' - Verify type-alias and check extension is included.
 ---> NLog.NLogConfigurationException: Failed to create LayoutRenderer with unknown type-alias: 'logDir' - Verify type-alias and check extension is included.
   at NLog.Config.FactoryExtensions.CreateInstance[TBaseType](IFactory`1 factory, String typeAlias)
   at NLog.Layouts.LayoutParser.GetLayoutRenderer(String typeName, ConfigurationItemFactory configurationItemFactory, Nullable`1 throwConfigExceptions)
   at NLog.Layouts.LayoutParser.ParseLayoutRenderer(ConfigurationItemFactory configurationItemFactory, SimpleStringReader stringReader, Nullable`1 throwConfigExceptions)
   at NLog.Layouts.LayoutParser.CompileLayout(ConfigurationItemFactory configurationItemFactory, SimpleStringReader sr, Nullable`1 throwConfigExceptions, Boolean isNested, String& text)
   at NLog.Layouts.LayoutParser.CompileLayout(String value, ConfigurationItemFactory configurationItemFactory, Nullable`1 throwConfigExceptions, String& parsedText)
   at NLog.Layouts.SimpleLayout..ctor(String txt, ConfigurationItemFactory configurationItemFactory, Nullable`1 throwConfigExceptions)
   at NLog.Layouts.SimpleLayout..ctor(String txt, ConfigurationItemFactory configurationItemFactory)
   at NLog.Internal.PropertyHelper.TryParseLayoutValue(String stringValue, ConfigurationItemFactory configurationItemFactory)
   at NLog.Internal.PropertyHelper.TryNLogSpecificConversion(Type propertyType, String value, ConfigurationItemFactory configurationItemFactory, Object& newValue)
   at NLog.Internal.PropertyHelper.SetPropertyFromString(Object targetObject, PropertyInfo propInfo, String stringValue, ConfigurationItemFactory configurationItemFactory)
   --- End of inner exception stack trace ---
   at NLog.Internal.PropertyHelper.SetPropertyFromString(Object targetObject, PropertyInfo propInfo, String stringValue, ConfigurationItemFactory configurationItemFactory)
   at NLog.Config.LoggingConfigurationParser.SetPropertyValueFromString[T](T targetObject, String propertyName, String propertyValue, ValidatedConfigurationElement element)
2025-09-16 15:08:22.9132 Error Failed loading NLog configuration. 'FileTarget' cannot assign property 'FileName'='${logDir}/http.log'. Error: Failed to create LayoutRenderer with unknown type-alias: 'logDir' - Verify type-alias and check extension is included.  FilePath: D:\netprojects\Intellimix_Template\bin\Debug\net9.0\nlog.config Exception: NLog.NLogConfigurationException: Failed loading NLog configuration. 'FileTarget' cannot assign property 'FileName'='${logDir}/http.log'. Error: Failed to create LayoutRenderer with unknown type-alias: 'logDir' - Verify type-alias and check extension is included.  FilePath: D:\netprojects\Intellimix_Template\bin\Debug\net9.0\nlog.config
 ---> NLog.NLogConfigurationException: 'FileTarget' cannot assign property 'FileName'='${logDir}/http.log'. Error: Failed to create LayoutRenderer with unknown type-alias: 'logDir' - Verify type-alias and check extension is included.
 ---> NLog.NLogConfigurationException: Failed to create LayoutRenderer with unknown type-alias: 'logDir' - Verify type-alias and check extension is included.
   at NLog.Config.FactoryExtensions.CreateInstance[TBaseType](IFactory`1 factory, String typeAlias)
   at NLog.Layouts.LayoutParser.GetLayoutRenderer(String typeName, ConfigurationItemFactory configurationItemFactory, Nullable`1 throwConfigExceptions)
   at NLog.Layouts.LayoutParser.ParseLayoutRenderer(ConfigurationItemFactory configurationItemFactory, SimpleStringReader stringReader, Nullable`1 throwConfigExceptions)
   at NLog.Layouts.LayoutParser.CompileLayout(ConfigurationItemFactory configurationItemFactory, SimpleStringReader sr, Nullable`1 throwConfigExceptions, Boolean isNested, String& text)
   at NLog.Layouts.LayoutParser.CompileLayout(String value, ConfigurationItemFactory configurationItemFactory, Nullable`1 throwConfigExceptions, String& parsedText)
   at NLog.Layouts.SimpleLayout..ctor(String txt, ConfigurationItemFactory configurationItemFactory, Nullable`1 throwConfigExceptions)
   at NLog.Layouts.SimpleLayout..ctor(String txt, ConfigurationItemFactory configurationItemFactory)
   at NLog.Internal.PropertyHelper.TryParseLayoutValue(String stringValue, ConfigurationItemFactory configurationItemFactory)
   at NLog.Internal.PropertyHelper.TryNLogSpecificConversion(Type propertyType, String value, ConfigurationItemFactory configurationItemFactory, Object& newValue)
   at NLog.Internal.PropertyHelper.SetPropertyFromString(Object targetObject, PropertyInfo propInfo, String stringValue, ConfigurationItemFactory configurationItemFactory)
   --- End of inner exception stack trace ---
   at NLog.Internal.PropertyHelper.SetPropertyFromString(Object targetObject, PropertyInfo propInfo, String stringValue, ConfigurationItemFactory configurationItemFactory)
   at NLog.Config.LoggingConfigurationParser.SetPropertyValueFromString[T](T targetObject, String propertyName, String propertyValue, ValidatedConfigurationElement element)
   at NLog.Config.LoggingConfigurationParser.ConfigureObjectFromAttributes[T](T targetObject, ValidatedConfigurationElement element, Boolean ignoreType)
   at NLog.Config.LoggingConfigurationParser.ParseTargetElement(Target target, ValidatedConfigurationElement targetElement, Dictionary`2 typeNameToDefaultTargetParameters)
   at NLog.Config.LoggingConfigurationParser.AddNewTargetFromConfig(String targetTypeName, ValidatedConfigurationElement targetElement, Boolean asyncWrap, Dictionary`2 typeNameToDefaultTargetParameters, ValidatedConfigurationElement defaultWrapperElement)
   at NLog.Config.LoggingConfigurationParser.ParseTargetsElement(ValidatedConfigurationElement targetsElement)
   at NLog.Config.LoggingConfigurationParser.ParseNLogSection(ILoggingConfigurationElement configSection)
   at NLog.Config.XmlLoggingConfiguration.ParseNLogSection(ILoggingConfigurationElement configSection)
   at NLog.Config.LoggingConfigurationParser.LoadConfig(ILoggingConfigurationElement nlogConfig, String basePath)
   at NLog.Config.XmlLoggingConfiguration.ParseNLogElement(ILoggingConfigurationElement nlogElement, String filePath, Boolean autoReloadDefault)
   at NLog.Config.XmlLoggingConfiguration.ParseTopLevel(ILoggingConfigurationElement content, String filePath, Boolean autoReloadDefault)
   at NLog.Config.XmlLoggingConfiguration.ParseFromTextReader(TextReader textReader, String filePath)
   --- End of inner exception stack trace ---
2025-09-16 15:08:22.9622 Error Failed loading from config file location: D:\netprojects\Intellimix_Template\bin\Debug\net9.0\nlog.config Exception: NLog.NLogConfigurationException: Failed loading NLog configuration. 'FileTarget' cannot assign property 'FileName'='${logDir}/http.log'. Error: Failed to create LayoutRenderer with unknown type-alias: 'logDir' - Verify type-alias and check extension is included.  FilePath: D:\netprojects\Intellimix_Template\bin\Debug\net9.0\nlog.config
 ---> NLog.NLogConfigurationException: 'FileTarget' cannot assign property 'FileName'='${logDir}/http.log'. Error: Failed to create LayoutRenderer with unknown type-alias: 'logDir' - Verify type-alias and check extension is included.
 ---> NLog.NLogConfigurationException: Failed to create LayoutRenderer with unknown type-alias: 'logDir' - Verify type-alias and check extension is included.
   at NLog.Config.FactoryExtensions.CreateInstance[TBaseType](IFactory`1 factory, String typeAlias)
   at NLog.Layouts.LayoutParser.GetLayoutRenderer(String typeName, ConfigurationItemFactory configurationItemFactory, Nullable`1 throwConfigExceptions)
   at NLog.Layouts.LayoutParser.ParseLayoutRenderer(ConfigurationItemFactory configurationItemFactory, SimpleStringReader stringReader, Nullable`1 throwConfigExceptions)
   at NLog.Layouts.LayoutParser.CompileLayout(ConfigurationItemFactory configurationItemFactory, SimpleStringReader sr, Nullable`1 throwConfigExceptions, Boolean isNested, String& text)
   at NLog.Layouts.LayoutParser.CompileLayout(String value, ConfigurationItemFactory configurationItemFactory, Nullable`1 throwConfigExceptions, String& parsedText)
   at NLog.Layouts.SimpleLayout..ctor(String txt, ConfigurationItemFactory configurationItemFactory, Nullable`1 throwConfigExceptions)
   at NLog.Layouts.SimpleLayout..ctor(String txt, ConfigurationItemFactory configurationItemFactory)
   at NLog.Internal.PropertyHelper.TryParseLayoutValue(String stringValue, ConfigurationItemFactory configurationItemFactory)
   at NLog.Internal.PropertyHelper.TryNLogSpecificConversion(Type propertyType, String value, ConfigurationItemFactory configurationItemFactory, Object& newValue)
   at NLog.Internal.PropertyHelper.SetPropertyFromString(Object targetObject, PropertyInfo propInfo, String stringValue, ConfigurationItemFactory configurationItemFactory)
   --- End of inner exception stack trace ---
   at NLog.Internal.PropertyHelper.SetPropertyFromString(Object targetObject, PropertyInfo propInfo, String stringValue, ConfigurationItemFactory configurationItemFactory)
   at NLog.Config.LoggingConfigurationParser.SetPropertyValueFromString[T](T targetObject, String propertyName, String propertyValue, ValidatedConfigurationElement element)
   at NLog.Config.LoggingConfigurationParser.ConfigureObjectFromAttributes[T](T targetObject, ValidatedConfigurationElement element, Boolean ignoreType)
   at NLog.Config.LoggingConfigurationParser.ParseTargetElement(Target target, ValidatedConfigurationElement targetElement, Dictionary`2 typeNameToDefaultTargetParameters)
   at NLog.Config.LoggingConfigurationParser.AddNewTargetFromConfig(String targetTypeName, ValidatedConfigurationElement targetElement, Boolean asyncWrap, Dictionary`2 typeNameToDefaultTargetParameters, ValidatedConfigurationElement defaultWrapperElement)
   at NLog.Config.LoggingConfigurationParser.ParseTargetsElement(ValidatedConfigurationElement targetsElement)
   at NLog.Config.LoggingConfigurationParser.ParseNLogSection(ILoggingConfigurationElement configSection)
   at NLog.Config.XmlLoggingConfiguration.ParseNLogSection(ILoggingConfigurationElement configSection)
   at NLog.Config.LoggingConfigurationParser.LoadConfig(ILoggingConfigurationElement nlogConfig, String basePath)
   at NLog.Config.XmlLoggingConfiguration.ParseNLogElement(ILoggingConfigurationElement nlogElement, String filePath, Boolean autoReloadDefault)
   at NLog.Config.XmlLoggingConfiguration.ParseTopLevel(ILoggingConfigurationElement content, String filePath, Boolean autoReloadDefault)
   at NLog.Config.XmlLoggingConfiguration.ParseFromTextReader(TextReader textReader, String filePath)
   --- End of inner exception stack trace ---
   at NLog.Config.XmlLoggingConfiguration.ParseFromTextReader(TextReader textReader, String filePath)
   at NLog.Config.XmlLoggingConfiguration..ctor(TextReader xmlSource, String filePath, LogFactory logFactory)
   at NLog.Config.LoggingConfigurationFileLoader.LoadXmlLoggingConfigurationFile(LogFactory logFactory, String configFile)
   at NLog.Config.LoggingConfigurationFileLoader.TryLoadLoggingConfiguration(LogFactory logFactory, String configFile, LoggingConfiguration& config)
